<?xml version="1.0" encoding="UTF-8"?>
<!-- Generated by org.testng.reporters.JUnitReportReporter -->
<testsuite hostname="PRFT-14787" failures="0" tests="1" name="Calculator.Addition" time="3.453" errors="0" timestamp="2022-02-03T13:45:37 CST" skipped="0">
  <testcase classname="Calculator.Addition" name="twoPlusThree" time="3.453"/>
  <system-out/>
</testsuite> <!-- Calculator.Addition -->
